Wrote file for project 'coregen'.
Project, 'coregen', initialised from file
'C:\Users\Photographer\Downloads\atlys_ddr_test-20110731 (3) -
Copy\atlys_ddr_test\ipcore_dir\coregen.cgp'.
Customizing IP...
Finished Customizing.
Generating metadata file...
Finished generating metadata file.
Generating metadata file...
Finished generating metadata file.
Generating ISE file...
Finished ISE file generation.
Creating readme './tmp/_cg\ddr2_readme.txt'.
Generating FLIST file...
Finished FLIST file generation.
Preparing output directory...
Finished preparing output directory.
Launching readme viewer...
Launched readme viewer.
Moving files to output directory...
Finished moving files to output directory
Saved options for project 'coregen'.
Wrote file for project 'coregen'.
